Arguments: 
  /usr/local/bin/node /usr/local/Cellar/yarn/1.5.1_1/libexec/bin/yarn.js run build:development

PATH: 
  /Users/socialimpact/.rbenv/versions/2.4.2/bin:/usr/local/Cellar/rbenv/1.1.1/libexec:/Users/socialimpact/.rbenv/shims:/usr/local/bin:/usr/bin:/bin:/usr/sbin:/sbin:/usr/local/bin:/Library/Frameworks/Mono.framework/Versions/Current/Commands:/Applications/Postgres.app/Contents/Versions/latest/bin:/Applications/Visual Studio Code.app/Contents/Resources/app/bin

Yarn version: 
  1.5.1

Node version: 
  9.2.0

Platform: 
  darwin x64

npm manifest: 
  {
    "name": "react-webpack-rails-tutorial",
    "version": "0.0.1",
    "private": true,
    "engines": {
      "node": "6.9.0",
      "npm": "4.1.1"
    },
    "scripts": {
      "build:test": "webpack --config webpack.config.js",
      "build:production": "NODE_ENV=production webpack --config webpack.config.js",
      "build:development": "webpack -w --config webpack.config.js"
    },
    "cacheDirectories": ["node_modules", "client/node_modules"],
    "dependencies": {
      "babel-cli": "^6.24.1",
      "babel-core": "^6.24.1",
      "babel-loader": "^6.3.2",
      "babel-runtime": "^6.23.0",
      "babel-polyfill": "^6.23.0",
      "babel-preset-es2015": "^6.24.1",
      "babel-preset-react": "^6.24.1",
      "babel-preset-stage-2": "^6.24.1",
      "es5-shim": "^4.5.9",
      "expose-loader": "^0.7.3",
      "imports-loader": "^0.7.1",
      "react": "^15.5.4",
      "react-dom": "^15.5.4",
      "react-on-rails": "6.10.1",
      "webpack": "^2.3.3"
    },
    "devDependencies": {
    }
  }

yarn manifest: 
  No manifest

Lockfile: 
  No lockfile

Trace: 
  Error: Command failed.
  Exit code: 127
  Command: sh
  Arguments: -c webpack -w --config webpack.config.js
  Directory: /Users/socialimpact/fundamentals/projects/blog/client
  Output:
  
      at ProcessTermError.MessageError (/usr/local/Cellar/yarn/1.5.1_1/libexec/lib/cli.js:186:110)
      at new ProcessTermError (/usr/local/Cellar/yarn/1.5.1_1/libexec/lib/cli.js:226:113)
      at ChildProcess.<anonymous> (/usr/local/Cellar/yarn/1.5.1_1/libexec/lib/cli.js:30281:17)
      at ChildProcess.emit (events.js:159:13)
      at maybeClose (internal/child_process.js:943:16)
      at Process.ChildProcess._handle.onexit (internal/child_process.js:220:5)
